[0.351s] DEBUG:colcon:Command line arguments: ['/usr/bin/colcon', 'build', '--symlink-install']
[0.352s] DEBUG:colcon:Parsed command line arguments: Namespace(log_base=None, log_level=None, verb_name='build', build_base='build', install_base='install', merge_install=False, symlink_install=True, test_result_base=None, continue_on_error=False, executor='parallel', parallel_workers=12, event_handlers=None, ignore_user_meta=False, metas=['./colcon.meta'], base_paths=['.'], packages_ignore=None, packages_ignore_regex=None, paths=None, packages_up_to=None, packages_up_to_regex=None, packages_above=None, packages_above_and_dependencies=None, packages_above_depth=None, packages_select_by_dep=None, packages_skip_by_dep=None, packages_skip_up_to=None, packages_select_build_failed=False, packages_skip_build_finished=False, packages_select_test_failures=False, packages_skip_test_passed=False, packages_select=None, packages_skip=None, packages_select_regex=None, packages_skip_regex=None, packages_start=None, packages_end=None, cmake_args=None, cmake_target=None, cmake_target_skip_unavailable=False, cmake_clean_cache=False, cmake_clean_first=False, cmake_force_configure=False, ament_cmake_args=None, catkin_cmake_args=None, catkin_skip_building_tests=False, mixin_files=None, mixin=None, verb_parser=<colcon_mixin.mixin.mixin_argument.MixinArgumentDecorator object at 0x7f8123a77c10>, verb_extension=<colcon_core.verb.build.BuildVerb object at 0x7f8123bc4280>, main=<bound method BuildVerb.main of <colcon_core.verb.build.BuildVerb object at 0x7f8123bc4280>>, mixin_verb=('build',))
[0.740s] Level 1:colcon.colcon_core.package_discovery:discover_packages(colcon_meta) check parameters
[0.742s] Level 1:colcon.colcon_core.package_discovery:discover_packages(recursive) check parameters
[0.743s] Level 1:colcon.colcon_core.package_discovery:discover_packages(ignore) check parameters
[0.743s] Level 1:colcon.colcon_core.package_discovery:discover_packages(path) check parameters
[0.744s] Level 1:colcon.colcon_core.package_discovery:discover_packages(colcon_meta) discover
[0.744s] Level 1:colcon.colcon_core.package_discovery:discover_packages(recursive) discover
[0.745s] INFO:colcon.colcon_core.package_discovery:Crawling recursively for packages in '/thesis_project/simulation_ws'
[0.759s] Level 1:colcon.colcon_core.package_identification:_identify(.) by extensions ['ignore', 'ignore_ament_install']
[0.760s] Level 1:colcon.colcon_core.package_identification:_identify(.) by extension 'ignore'
[0.764s] Level 1:colcon.colcon_core.package_identification:_identify(.) by extension 'ignore_ament_install'
[0.768s] Level 1:colcon.colcon_core.package_identification:_identify(.) by extensions ['colcon_pkg']
[0.769s] Level 1:colcon.colcon_core.package_identification:_identify(.) by extension 'colcon_pkg'
[0.771s] Level 1:colcon.colcon_core.package_identification:_identify(.) by extensions ['colcon_meta']
[0.772s] Level 1:colcon.colcon_core.package_identification:_identify(.) by extension 'colcon_meta'
[0.772s] Level 1:colcon.colcon_core.package_identification:_identify(.) by extensions ['ros']
[0.773s] Level 1:colcon.colcon_core.package_identification:_identify(.) by extension 'ros'
[0.816s] Level 1:colcon.colcon_core.package_identification:_identify(.) by extensions ['cmake', 'python']
[0.817s] Level 1:colcon.colcon_core.package_identification:_identify(.) by extension 'cmake'
[0.817s] Level 1:colcon.colcon_core.package_identification:_identify(.) by extension 'python'
[0.818s] Level 1:colcon.colcon_core.package_identification:_identify(.) by extensions ['python_setup_py']
[0.819s] Level 1:colcon.colcon_core.package_identification:_identify(.) by extension 'python_setup_py'
[0.832s] Level 1:colcon.colcon_core.package_identification:_identify(build) by extensions ['ignore', 'ignore_ament_install']
[0.834s] Level 1:colcon.colcon_core.package_identification:_identify(build) by extension 'ignore'
[0.839s] Level 1:colcon.colcon_core.package_identification:_identify(build) ignored
[0.852s] Level 1:colcon.colcon_core.package_identification:_identify(install) by extensions ['ignore', 'ignore_ament_install']
[0.852s] Level 1:colcon.colcon_core.package_identification:_identify(install) by extension 'ignore'
[0.854s] Level 1:colcon.colcon_core.package_identification:_identify(install) ignored
[0.875s] Level 1:colcon.colcon_core.package_identification:_identify(log) by extensions ['ignore', 'ignore_ament_install']
[0.876s] Level 1:colcon.colcon_core.package_identification:_identify(log) by extension 'ignore'
[0.877s] Level 1:colcon.colcon_core.package_identification:_identify(log) ignored
[0.880s] Level 1:colcon.colcon_core.package_identification:_identify(src) by extensions ['ignore', 'ignore_ament_install']
[0.881s] Level 1:colcon.colcon_core.package_identification:_identify(src) by extension 'ignore'
[0.882s] Level 1:colcon.colcon_core.package_identification:_identify(src) by extension 'ignore_ament_install'
[0.884s] Level 1:colcon.colcon_core.package_identification:_identify(src) by extensions ['colcon_pkg']
[0.884s] Level 1:colcon.colcon_core.package_identification:_identify(src) by extension 'colcon_pkg'
[0.889s] Level 1:colcon.colcon_core.package_identification:_identify(src) by extensions ['colcon_meta']
[0.890s] Level 1:colcon.colcon_core.package_identification:_identify(src) by extension 'colcon_meta'
[0.892s] Level 1:colcon.colcon_core.package_identification:_identify(src) by extensions ['ros']
[0.893s] Level 1:colcon.colcon_core.package_identification:_identify(src) by extension 'ros'
[0.901s] Level 1:colcon.colcon_core.package_identification:_identify(src) by extensions ['cmake', 'python']
[0.903s] Level 1:colcon.colcon_core.package_identification:_identify(src) by extension 'cmake'
[0.905s] Level 1:colcon.colcon_core.package_identification:_identify(src) by extension 'python'
[0.906s] Level 1:colcon.colcon_core.package_identification:_identify(src) by extensions ['python_setup_py']
[0.906s] Level 1:colcon.colcon_core.package_identification:_identify(src) by extension 'python_setup_py'
[0.914s] Level 1:colcon.colcon_core.package_identification:_identify(src/m2wr_description) by extensions ['ignore', 'ignore_ament_install']
[0.915s] Level 1:colcon.colcon_core.package_identification:_identify(src/m2wr_description) by extension 'ignore'
[0.918s] Level 1:colcon.colcon_core.package_identification:_identify(src/m2wr_description) by extension 'ignore_ament_install'
[0.932s] Level 1:colcon.colcon_core.package_identification:_identify(src/m2wr_description) by extensions ['colcon_pkg']
[0.933s] Level 1:colcon.colcon_core.package_identification:_identify(src/m2wr_description) by extension 'colcon_pkg'
[0.937s] Level 1:colcon.colcon_core.package_identification:_identify(src/m2wr_description) by extensions ['colcon_meta']
[0.938s] Level 1:colcon.colcon_core.package_identification:_identify(src/m2wr_description) by extension 'colcon_meta'
[0.947s] Level 1:colcon.colcon_core.package_identification:_identify(src/m2wr_description) by extensions ['ros']
[0.950s] Level 1:colcon.colcon_core.package_identification:_identify(src/m2wr_description) by extension 'ros'
[0.987s] DEBUG:colcon.colcon_core.package_identification:Package 'src/m2wr_description' with type 'ros.ament_cmake' and name 'm2wr_description'
[0.987s] Level 1:colcon.colcon_core.package_discovery:discover_packages(recursive) using defaults
[0.988s] Level 1:colcon.colcon_core.package_discovery:discover_packages(ignore) discover
[0.988s] Level 1:colcon.colcon_core.package_discovery:discover_packages(ignore) using defaults
[0.988s] Level 1:colcon.colcon_core.package_discovery:discover_packages(path) discover
[0.989s] Level 1:colcon.colcon_core.package_discovery:discover_packages(path) using defaults
[1.044s] Level 5:colcon.colcon_core.verb:set package 'm2wr_description' build argument 'cmake_args' from command line to 'None'
[1.045s] Level 5:colcon.colcon_core.verb:set package 'm2wr_description' build argument 'cmake_target' from command line to 'None'
[1.045s] Level 5:colcon.colcon_core.verb:set package 'm2wr_description' build argument 'cmake_target_skip_unavailable' from command line to 'False'
[1.055s] Level 5:colcon.colcon_core.verb:set package 'm2wr_description' build argument 'cmake_clean_cache' from command line to 'False'
[1.055s] Level 5:colcon.colcon_core.verb:set package 'm2wr_description' build argument 'cmake_clean_first' from command line to 'False'
[1.055s] Level 5:colcon.colcon_core.verb:set package 'm2wr_description' build argument 'cmake_force_configure' from command line to 'False'
[1.056s] Level 5:colcon.colcon_core.verb:set package 'm2wr_description' build argument 'ament_cmake_args' from command line to 'None'
[1.056s] Level 5:colcon.colcon_core.verb:set package 'm2wr_description' build argument 'catkin_cmake_args' from command line to 'None'
[1.056s] Level 5:colcon.colcon_core.verb:set package 'm2wr_description' build argument 'catkin_skip_building_tests' from command line to 'False'
[1.057s] DEBUG:colcon.colcon_core.verb:Building package 'm2wr_description' with the following arguments: {'ament_cmake_args': None, 'build_base': '/thesis_project/simulation_ws/build/m2wr_description', 'catkin_cmake_args': None, 'catkin_skip_building_tests': False, 'cmake_args': None, 'cmake_clean_cache': False, 'cmake_clean_first': False, 'cmake_force_configure': False, 'cmake_target': None, 'cmake_target_skip_unavailable': False, 'install_base': '/thesis_project/simulation_ws/install/m2wr_description', 'merge_install': False, 'path': '/thesis_project/simulation_ws/src/m2wr_description', 'symlink_install': True, 'test_result_base': None}
[1.057s] INFO:colcon.colcon_core.executor:Executing jobs using 'parallel' executor
[1.059s] DEBUG:colcon.colcon_parallel_executor.executor.parallel:run_until_complete
[1.060s] INFO:colcon.colcon_ros.task.ament_cmake.build:Building ROS package in '/thesis_project/simulation_ws/src/m2wr_description' with build type 'ament_cmake'
[1.060s] INFO:colcon.colcon_cmake.task.cmake.build:Building CMake package in '/thesis_project/simulation_ws/src/m2wr_description'
[1.066s] INFO:colcon.colcon_core.plugin_system:Skipping extension 'colcon_core.shell.bat': Not used on non-Windows systems
[1.068s] INFO:colcon.colcon_core.shell:Skip shell extension 'powershell' for command environment: Not usable outside of PowerShell
[1.069s] DEBUG:colcon.colcon_core.shell:Skip shell extension 'dsv' for command environment
[1.229s] DEBUG:colcon.colcon_core.event_handler.log_command:Invoking command in '/thesis_project/simulation_ws/build/m2wr_description': CMAKE_PREFIX_PATH=/opt/ros/iron /usr/bin/cmake /thesis_project/simulation_ws/src/m2wr_description -DAMENT_CMAKE_SYMLINK_INSTALL=1 -DCMAKE_INSTALL_PREFIX=/thesis_project/simulation_ws/install/m2wr_description
[6.398s] DEBUG:colcon.colcon_core.event_handler.log_command:Invoked command in '/thesis_project/simulation_ws/build/m2wr_description' returned '0': CMAKE_PREFIX_PATH=/opt/ros/iron /usr/bin/cmake /thesis_project/simulation_ws/src/m2wr_description -DAMENT_CMAKE_SYMLINK_INSTALL=1 -DCMAKE_INSTALL_PREFIX=/thesis_project/simulation_ws/install/m2wr_description
[6.444s] DEBUG:colcon.colcon_core.event_handler.log_command:Invoking command in '/thesis_project/simulation_ws/build/m2wr_description': CMAKE_PREFIX_PATH=/opt/ros/iron /usr/bin/cmake --build /thesis_project/simulation_ws/build/m2wr_description -- -j12 -l12
[6.735s] DEBUG:colcon.colcon_core.event_handler.log_command:Invoked command in '/thesis_project/simulation_ws/build/m2wr_description' returned '0': CMAKE_PREFIX_PATH=/opt/ros/iron /usr/bin/cmake --build /thesis_project/simulation_ws/build/m2wr_description -- -j12 -l12
[6.941s] DEBUG:colcon.colcon_core.event_handler.log_command:Invoking command in '/thesis_project/simulation_ws/build/m2wr_description': CMAKE_PREFIX_PATH=/opt/ros/iron /usr/bin/cmake --install /thesis_project/simulation_ws/build/m2wr_description
[8.152s] Level 1:colcon.colcon_core.environment:create_environment_scripts_only(m2wr_description)
[8.154s] DEBUG:colcon.colcon_core.event_handler.log_command:Invoked command in '/thesis_project/simulation_ws/build/m2wr_description' returned '0': CMAKE_PREFIX_PATH=/opt/ros/iron /usr/bin/cmake --install /thesis_project/simulation_ws/build/m2wr_description
[8.163s] Level 1:colcon.colcon_core.environment:checking '/thesis_project/simulation_ws/install/m2wr_description' for CMake module files
[8.398s] Level 1:colcon.colcon_core.environment:checking '/thesis_project/simulation_ws/install/m2wr_description' for CMake config files
[8.568s] Level 1:colcon.colcon_core.shell:create_environment_hook('m2wr_description', 'cmake_prefix_path')
[8.569s] INFO:colcon.colcon_core.shell:Creating environment hook '/thesis_project/simulation_ws/install/m2wr_description/share/m2wr_description/hook/cmake_prefix_path.ps1'
[8.607s] INFO:colcon.colcon_core.shell:Creating environment descriptor '/thesis_project/simulation_ws/install/m2wr_description/share/m2wr_description/hook/cmake_prefix_path.dsv'
[8.637s] INFO:colcon.colcon_core.shell:Creating environment hook '/thesis_project/simulation_ws/install/m2wr_description/share/m2wr_description/hook/cmake_prefix_path.sh'
[8.684s] Level 1:colcon.colcon_core.environment:checking '/thesis_project/simulation_ws/install/m2wr_description/bin'
[8.690s] Level 1:colcon.colcon_core.environment:checking '/thesis_project/simulation_ws/install/m2wr_description/lib/pkgconfig/m2wr_description.pc'
[8.702s] Level 1:colcon.colcon_core.environment:checking '/thesis_project/simulation_ws/install/m2wr_description/lib/python3.10/site-packages'
[8.709s] Level 1:colcon.colcon_core.environment:checking '/thesis_project/simulation_ws/install/m2wr_description/bin'
[8.718s] INFO:colcon.colcon_core.shell:Creating package script '/thesis_project/simulation_ws/install/m2wr_description/share/m2wr_description/package.ps1'
[8.743s] INFO:colcon.colcon_core.shell:Creating package descriptor '/thesis_project/simulation_ws/install/m2wr_description/share/m2wr_description/package.dsv'
[8.776s] INFO:colcon.colcon_core.shell:Creating package script '/thesis_project/simulation_ws/install/m2wr_description/share/m2wr_description/package.sh'
[8.825s] INFO:colcon.colcon_core.shell:Creating package script '/thesis_project/simulation_ws/install/m2wr_description/share/m2wr_description/package.bash'
[8.856s] INFO:colcon.colcon_core.shell:Creating package script '/thesis_project/simulation_ws/install/m2wr_description/share/m2wr_description/package.zsh'
[8.885s] Level 1:colcon.colcon_core.environment:create_file_with_runtime_dependencies(/thesis_project/simulation_ws/install/m2wr_description/share/colcon-core/packages/m2wr_description)
[9.024s] Level 1:colcon.colcon_core.environment:create_environment_scripts_only(m2wr_description)
[9.025s] Level 1:colcon.colcon_core.environment:checking '/thesis_project/simulation_ws/install/m2wr_description' for CMake module files
[9.274s] Level 1:colcon.colcon_core.environment:checking '/thesis_project/simulation_ws/install/m2wr_description' for CMake config files
[9.467s] Level 1:colcon.colcon_core.shell:create_environment_hook('m2wr_description', 'cmake_prefix_path')
[9.468s] INFO:colcon.colcon_core.shell:Creating environment hook '/thesis_project/simulation_ws/install/m2wr_description/share/m2wr_description/hook/cmake_prefix_path.ps1'
[9.489s] INFO:colcon.colcon_core.shell:Creating environment descriptor '/thesis_project/simulation_ws/install/m2wr_description/share/m2wr_description/hook/cmake_prefix_path.dsv'
[9.519s] INFO:colcon.colcon_core.shell:Creating environment hook '/thesis_project/simulation_ws/install/m2wr_description/share/m2wr_description/hook/cmake_prefix_path.sh'
[9.551s] Level 1:colcon.colcon_core.environment:checking '/thesis_project/simulation_ws/install/m2wr_description/bin'
[9.553s] Level 1:colcon.colcon_core.environment:checking '/thesis_project/simulation_ws/install/m2wr_description/lib/pkgconfig/m2wr_description.pc'
[9.555s] Level 1:colcon.colcon_core.environment:checking '/thesis_project/simulation_ws/install/m2wr_description/lib/python3.10/site-packages'
[9.557s] Level 1:colcon.colcon_core.environment:checking '/thesis_project/simulation_ws/install/m2wr_description/bin'
[9.559s] INFO:colcon.colcon_core.shell:Creating package script '/thesis_project/simulation_ws/install/m2wr_description/share/m2wr_description/package.ps1'
[9.586s] INFO:colcon.colcon_core.shell:Creating package descriptor '/thesis_project/simulation_ws/install/m2wr_description/share/m2wr_description/package.dsv'
[9.619s] INFO:colcon.colcon_core.shell:Creating package script '/thesis_project/simulation_ws/install/m2wr_description/share/m2wr_description/package.sh'
[9.642s] INFO:colcon.colcon_core.shell:Creating package script '/thesis_project/simulation_ws/install/m2wr_description/share/m2wr_description/package.bash'
[9.665s] INFO:colcon.colcon_core.shell:Creating package script '/thesis_project/simulation_ws/install/m2wr_description/share/m2wr_description/package.zsh'
[9.685s] Level 1:colcon.colcon_core.environment:create_file_with_runtime_dependencies(/thesis_project/simulation_ws/install/m2wr_description/share/colcon-core/packages/m2wr_description)
[9.706s] DEBUG:colcon.colcon_parallel_executor.executor.parallel:closing loop
[9.710s] DEBUG:colcon.colcon_parallel_executor.executor.parallel:loop closed
[9.712s] DEBUG:colcon.colcon_parallel_executor.executor.parallel:run_until_complete finished with '0'
[9.714s] DEBUG:colcon.colcon_core.event_reactor:joining thread
[9.748s] INFO:colcon.colcon_core.plugin_system:Skipping extension 'colcon_notification.desktop_notification.notify_send': Could not find 'notify-send'
[9.748s] INFO:colcon.colcon_core.plugin_system:Skipping extension 'colcon_notification.desktop_notification.terminal_notifier': Not used on non-Darwin systems
[9.749s] INFO:colcon.colcon_core.plugin_system:Skipping extension 'colcon_notification.desktop_notification.win32': Not used on non-Windows systems
[9.749s] INFO:colcon.colcon_notification.desktop_notification:Sending desktop notification using 'notify2'
[9.775s] DEBUG:colcon.colcon_notification.desktop_notification.notify2:Failed to initialize notify2: org.freedesktop.DBus.Error.ServiceUnknown: The name org.freedesktop.Notifications was not provided by any .service files
[9.776s] DEBUG:colcon.colcon_core.event_reactor:joined thread
[9.779s] INFO:colcon.colcon_core.shell:Creating prefix script '/thesis_project/simulation_ws/install/local_setup.ps1'
[9.790s] INFO:colcon.colcon_core.shell:Creating prefix util module '/thesis_project/simulation_ws/install/_local_setup_util_ps1.py'
[9.810s] INFO:colcon.colcon_core.shell:Creating prefix chain script '/thesis_project/simulation_ws/install/setup.ps1'
[9.831s] INFO:colcon.colcon_core.shell:Creating prefix script '/thesis_project/simulation_ws/install/local_setup.sh'
[9.863s] INFO:colcon.colcon_core.shell:Creating prefix util module '/thesis_project/simulation_ws/install/_local_setup_util_sh.py'
[9.881s] INFO:colcon.colcon_core.shell:Creating prefix chain script '/thesis_project/simulation_ws/install/setup.sh'
[9.906s] INFO:colcon.colcon_core.shell:Creating prefix script '/thesis_project/simulation_ws/install/local_setup.bash'
[9.927s] INFO:colcon.colcon_core.shell:Creating prefix chain script '/thesis_project/simulation_ws/install/setup.bash'
[9.950s] INFO:colcon.colcon_core.shell:Creating prefix script '/thesis_project/simulation_ws/install/local_setup.zsh'
[9.968s] INFO:colcon.colcon_core.shell:Creating prefix chain script '/thesis_project/simulation_ws/install/setup.zsh'
