[0.397s] DEBUG:colcon:Command line arguments: ['/usr/bin/colcon', 'build', '--symlink-install']
[0.398s] DEBUG:colcon:Parsed command line arguments: Namespace(log_base=None, log_level=None, verb_name='build', build_base='build', install_base='install', merge_install=False, symlink_install=True, test_result_base=None, continue_on_error=False, executor='parallel', parallel_workers=12, event_handlers=None, ignore_user_meta=False, metas=['./colcon.meta'], base_paths=['.'], packages_ignore=None, packages_ignore_regex=None, paths=None, packages_up_to=None, packages_up_to_regex=None, packages_above=None, packages_above_and_dependencies=None, packages_above_depth=None, packages_select_by_dep=None, packages_skip_by_dep=None, packages_skip_up_to=None, packages_select_build_failed=False, packages_skip_build_finished=False, packages_select_test_failures=False, packages_skip_test_passed=False, packages_select=None, packages_skip=None, packages_select_regex=None, packages_skip_regex=None, packages_start=None, packages_end=None, cmake_args=None, cmake_target=None, cmake_target_skip_unavailable=False, cmake_clean_cache=False, cmake_clean_first=False, cmake_force_configure=False, ament_cmake_args=None, catkin_cmake_args=None, catkin_skip_building_tests=False, mixin_files=None, mixin=None, verb_parser=<colcon_mixin.mixin.mixin_argument.MixinArgumentDecorator object at 0x7f281a45fbe0>, verb_extension=<colcon_core.verb.build.BuildVerb object at 0x7f281a39c250>, main=<bound method BuildVerb.main of <colcon_core.verb.build.BuildVerb object at 0x7f281a39c250>>, mixin_verb=('build',))
[0.774s] Level 1:colcon.colcon_core.package_discovery:discover_packages(colcon_meta) check parameters
[0.777s] Level 1:colcon.colcon_core.package_discovery:discover_packages(recursive) check parameters
[0.777s] Level 1:colcon.colcon_core.package_discovery:discover_packages(ignore) check parameters
[0.778s] Level 1:colcon.colcon_core.package_discovery:discover_packages(path) check parameters
[0.778s] Level 1:colcon.colcon_core.package_discovery:discover_packages(colcon_meta) discover
[0.779s] Level 1:colcon.colcon_core.package_discovery:discover_packages(recursive) discover
[0.779s] INFO:colcon.colcon_core.package_discovery:Crawling recursively for packages in '/thesis_project/simulation_ws'
[0.782s] Level 1:colcon.colcon_core.package_identification:_identify(.) by extensions ['ignore', 'ignore_ament_install']
[0.796s] Level 1:colcon.colcon_core.package_identification:_identify(.) by extension 'ignore'
[0.797s] Level 1:colcon.colcon_core.package_identification:_identify(.) by extension 'ignore_ament_install'
[0.798s] Level 1:colcon.colcon_core.package_identification:_identify(.) by extensions ['colcon_pkg']
[0.799s] Level 1:colcon.colcon_core.package_identification:_identify(.) by extension 'colcon_pkg'
[0.800s] Level 1:colcon.colcon_core.package_identification:_identify(.) by extensions ['colcon_meta']
[0.801s] Level 1:colcon.colcon_core.package_identification:_identify(.) by extension 'colcon_meta'
[0.802s] Level 1:colcon.colcon_core.package_identification:_identify(.) by extensions ['ros']
[0.802s] Level 1:colcon.colcon_core.package_identification:_identify(.) by extension 'ros'
[0.848s] Level 1:colcon.colcon_core.package_identification:_identify(.) by extensions ['cmake', 'python']
[0.849s] Level 1:colcon.colcon_core.package_identification:_identify(.) by extension 'cmake'
[0.850s] Level 1:colcon.colcon_core.package_identification:_identify(.) by extension 'python'
[0.850s] Level 1:colcon.colcon_core.package_identification:_identify(.) by extensions ['python_setup_py']
[0.851s] Level 1:colcon.colcon_core.package_identification:_identify(.) by extension 'python_setup_py'
[0.859s] Level 1:colcon.colcon_core.package_identification:_identify(build) by extensions ['ignore', 'ignore_ament_install']
[0.860s] Level 1:colcon.colcon_core.package_identification:_identify(build) by extension 'ignore'
[0.864s] Level 1:colcon.colcon_core.package_identification:_identify(build) ignored
[0.871s] Level 1:colcon.colcon_core.package_identification:_identify(install) by extensions ['ignore', 'ignore_ament_install']
[0.872s] Level 1:colcon.colcon_core.package_identification:_identify(install) by extension 'ignore'
[0.875s] Level 1:colcon.colcon_core.package_identification:_identify(install) ignored
[0.893s] Level 1:colcon.colcon_core.package_identification:_identify(log) by extensions ['ignore', 'ignore_ament_install']
[0.894s] Level 1:colcon.colcon_core.package_identification:_identify(log) by extension 'ignore'
[0.895s] Level 1:colcon.colcon_core.package_identification:_identify(log) ignored
[0.899s] Level 1:colcon.colcon_core.package_identification:_identify(src) by extensions ['ignore', 'ignore_ament_install']
[0.900s] Level 1:colcon.colcon_core.package_identification:_identify(src) by extension 'ignore'
[0.902s] Level 1:colcon.colcon_core.package_identification:_identify(src) by extension 'ignore_ament_install'
[0.905s] Level 1:colcon.colcon_core.package_identification:_identify(src) by extensions ['colcon_pkg']
[0.905s] Level 1:colcon.colcon_core.package_identification:_identify(src) by extension 'colcon_pkg'
[0.909s] Level 1:colcon.colcon_core.package_identification:_identify(src) by extensions ['colcon_meta']
[0.910s] Level 1:colcon.colcon_core.package_identification:_identify(src) by extension 'colcon_meta'
[0.912s] Level 1:colcon.colcon_core.package_identification:_identify(src) by extensions ['ros']
[0.912s] Level 1:colcon.colcon_core.package_identification:_identify(src) by extension 'ros'
[0.923s] Level 1:colcon.colcon_core.package_identification:_identify(src) by extensions ['cmake', 'python']
[0.923s] Level 1:colcon.colcon_core.package_identification:_identify(src) by extension 'cmake'
[0.927s] Level 1:colcon.colcon_core.package_identification:_identify(src) by extension 'python'
[0.931s] Level 1:colcon.colcon_core.package_identification:_identify(src) by extensions ['python_setup_py']
[0.931s] Level 1:colcon.colcon_core.package_identification:_identify(src) by extension 'python_setup_py'
[0.939s] Level 1:colcon.colcon_core.package_identification:_identify(src/m2wr_description) by extensions ['ignore', 'ignore_ament_install']
[0.941s] Level 1:colcon.colcon_core.package_identification:_identify(src/m2wr_description) by extension 'ignore'
[0.946s] Level 1:colcon.colcon_core.package_identification:_identify(src/m2wr_description) by extension 'ignore_ament_install'
[0.951s] Level 1:colcon.colcon_core.package_identification:_identify(src/m2wr_description) by extensions ['colcon_pkg']
[0.951s] Level 1:colcon.colcon_core.package_identification:_identify(src/m2wr_description) by extension 'colcon_pkg'
[0.956s] Level 1:colcon.colcon_core.package_identification:_identify(src/m2wr_description) by extensions ['colcon_meta']
[0.956s] Level 1:colcon.colcon_core.package_identification:_identify(src/m2wr_description) by extension 'colcon_meta'
[0.961s] Level 1:colcon.colcon_core.package_identification:_identify(src/m2wr_description) by extensions ['ros']
[0.961s] Level 1:colcon.colcon_core.package_identification:_identify(src/m2wr_description) by extension 'ros'
[0.998s] DEBUG:colcon.colcon_core.package_identification:Package 'src/m2wr_description' with type 'ros.ament_cmake' and name 'm2wr_description'
[0.998s] Level 1:colcon.colcon_core.package_discovery:discover_packages(recursive) using defaults
[0.998s] Level 1:colcon.colcon_core.package_discovery:discover_packages(ignore) discover
[0.999s] Level 1:colcon.colcon_core.package_discovery:discover_packages(ignore) using defaults
[0.999s] Level 1:colcon.colcon_core.package_discovery:discover_packages(path) discover
[0.999s] Level 1:colcon.colcon_core.package_discovery:discover_packages(path) using defaults
[1.053s] Level 5:colcon.colcon_core.verb:set package 'm2wr_description' build argument 'cmake_args' from command line to 'None'
[1.054s] Level 5:colcon.colcon_core.verb:set package 'm2wr_description' build argument 'cmake_target' from command line to 'None'
[1.054s] Level 5:colcon.colcon_core.verb:set package 'm2wr_description' build argument 'cmake_target_skip_unavailable' from command line to 'False'
[1.055s] Level 5:colcon.colcon_core.verb:set package 'm2wr_description' build argument 'cmake_clean_cache' from command line to 'False'
[1.055s] Level 5:colcon.colcon_core.verb:set package 'm2wr_description' build argument 'cmake_clean_first' from command line to 'False'
[1.055s] Level 5:colcon.colcon_core.verb:set package 'm2wr_description' build argument 'cmake_force_configure' from command line to 'False'
[1.056s] Level 5:colcon.colcon_core.verb:set package 'm2wr_description' build argument 'ament_cmake_args' from command line to 'None'
[1.056s] Level 5:colcon.colcon_core.verb:set package 'm2wr_description' build argument 'catkin_cmake_args' from command line to 'None'
[1.056s] Level 5:colcon.colcon_core.verb:set package 'm2wr_description' build argument 'catkin_skip_building_tests' from command line to 'False'
[1.057s] DEBUG:colcon.colcon_core.verb:Building package 'm2wr_description' with the following arguments: {'ament_cmake_args': None, 'build_base': '/thesis_project/simulation_ws/build/m2wr_description', 'catkin_cmake_args': None, 'catkin_skip_building_tests': False, 'cmake_args': None, 'cmake_clean_cache': False, 'cmake_clean_first': False, 'cmake_force_configure': False, 'cmake_target': None, 'cmake_target_skip_unavailable': False, 'install_base': '/thesis_project/simulation_ws/install/m2wr_description', 'merge_install': False, 'path': '/thesis_project/simulation_ws/src/m2wr_description', 'symlink_install': True, 'test_result_base': None}
[1.058s] INFO:colcon.colcon_core.executor:Executing jobs using 'parallel' executor
[1.062s] DEBUG:colcon.colcon_parallel_executor.executor.parallel:run_until_complete
[1.063s] INFO:colcon.colcon_ros.task.ament_cmake.build:Building ROS package in '/thesis_project/simulation_ws/src/m2wr_description' with build type 'ament_cmake'
[1.063s] INFO:colcon.colcon_cmake.task.cmake.build:Building CMake package in '/thesis_project/simulation_ws/src/m2wr_description'
[1.071s] INFO:colcon.colcon_core.plugin_system:Skipping extension 'colcon_core.shell.bat': Not used on non-Windows systems
[1.072s] INFO:colcon.colcon_core.shell:Skip shell extension 'powershell' for command environment: Not usable outside of PowerShell
[1.073s] DEBUG:colcon.colcon_core.shell:Skip shell extension 'dsv' for command environment
[1.350s] DEBUG:colcon.colcon_core.event_handler.log_command:Invoking command in '/thesis_project/simulation_ws/build/m2wr_description': CMAKE_PREFIX_PATH=${CMAKE_PREFIX_PATH}:/opt/ros/iron /usr/bin/cmake --build /thesis_project/simulation_ws/build/m2wr_description -- -j12 -l12
[1.639s] DEBUG:colcon.colcon_core.event_handler.log_command:Invoked command in '/thesis_project/simulation_ws/build/m2wr_description' returned '0': CMAKE_PREFIX_PATH=${CMAKE_PREFIX_PATH}:/opt/ros/iron /usr/bin/cmake --build /thesis_project/simulation_ws/build/m2wr_description -- -j12 -l12
[1.784s] DEBUG:colcon.colcon_core.event_handler.log_command:Invoking command in '/thesis_project/simulation_ws/build/m2wr_description': CMAKE_PREFIX_PATH=${CMAKE_PREFIX_PATH}:/opt/ros/iron /usr/bin/cmake --install /thesis_project/simulation_ws/build/m2wr_description
[2.938s] Level 1:colcon.colcon_core.environment:create_environment_scripts_only(m2wr_description)
[2.943s] Level 1:colcon.colcon_core.environment:checking '/thesis_project/simulation_ws/install/m2wr_description' for CMake module files
[2.943s] DEBUG:colcon.colcon_core.event_handler.log_command:Invoked command in '/thesis_project/simulation_ws/build/m2wr_description' returned '0': CMAKE_PREFIX_PATH=${CMAKE_PREFIX_PATH}:/opt/ros/iron /usr/bin/cmake --install /thesis_project/simulation_ws/build/m2wr_description
[3.153s] Level 1:colcon.colcon_core.environment:checking '/thesis_project/simulation_ws/install/m2wr_description' for CMake config files
[3.344s] Level 1:colcon.colcon_core.shell:create_environment_hook('m2wr_description', 'cmake_prefix_path')
[3.344s] INFO:colcon.colcon_core.shell:Creating environment hook '/thesis_project/simulation_ws/install/m2wr_description/share/m2wr_description/hook/cmake_prefix_path.ps1'
[3.373s] INFO:colcon.colcon_core.shell:Creating environment descriptor '/thesis_project/simulation_ws/install/m2wr_description/share/m2wr_description/hook/cmake_prefix_path.dsv'
[3.412s] INFO:colcon.colcon_core.shell:Creating environment hook '/thesis_project/simulation_ws/install/m2wr_description/share/m2wr_description/hook/cmake_prefix_path.sh'
[3.446s] Level 1:colcon.colcon_core.environment:checking '/thesis_project/simulation_ws/install/m2wr_description/bin'
[3.452s] Level 1:colcon.colcon_core.environment:checking '/thesis_project/simulation_ws/install/m2wr_description/lib/pkgconfig/m2wr_description.pc'
[3.459s] Level 1:colcon.colcon_core.environment:checking '/thesis_project/simulation_ws/install/m2wr_description/lib/python3.10/site-packages'
[3.462s] Level 1:colcon.colcon_core.environment:checking '/thesis_project/simulation_ws/install/m2wr_description/bin'
[3.464s] INFO:colcon.colcon_core.shell:Creating package script '/thesis_project/simulation_ws/install/m2wr_description/share/m2wr_description/package.ps1'
[3.490s] INFO:colcon.colcon_core.shell:Creating package descriptor '/thesis_project/simulation_ws/install/m2wr_description/share/m2wr_description/package.dsv'
[3.523s] INFO:colcon.colcon_core.shell:Creating package script '/thesis_project/simulation_ws/install/m2wr_description/share/m2wr_description/package.sh'
[3.547s] INFO:colcon.colcon_core.shell:Creating package script '/thesis_project/simulation_ws/install/m2wr_description/share/m2wr_description/package.bash'
[3.572s] INFO:colcon.colcon_core.shell:Creating package script '/thesis_project/simulation_ws/install/m2wr_description/share/m2wr_description/package.zsh'
[3.602s] Level 1:colcon.colcon_core.environment:create_file_with_runtime_dependencies(/thesis_project/simulation_ws/install/m2wr_description/share/colcon-core/packages/m2wr_description)
[3.748s] Level 1:colcon.colcon_core.environment:create_environment_scripts_only(m2wr_description)
[3.749s] Level 1:colcon.colcon_core.environment:checking '/thesis_project/simulation_ws/install/m2wr_description' for CMake module files
[3.957s] Level 1:colcon.colcon_core.environment:checking '/thesis_project/simulation_ws/install/m2wr_description' for CMake config files
[4.144s] Level 1:colcon.colcon_core.shell:create_environment_hook('m2wr_description', 'cmake_prefix_path')
[4.148s] INFO:colcon.colcon_core.shell:Creating environment hook '/thesis_project/simulation_ws/install/m2wr_description/share/m2wr_description/hook/cmake_prefix_path.ps1'
[4.190s] INFO:colcon.colcon_core.shell:Creating environment descriptor '/thesis_project/simulation_ws/install/m2wr_description/share/m2wr_description/hook/cmake_prefix_path.dsv'
[4.229s] INFO:colcon.colcon_core.shell:Creating environment hook '/thesis_project/simulation_ws/install/m2wr_description/share/m2wr_description/hook/cmake_prefix_path.sh'
[4.260s] Level 1:colcon.colcon_core.environment:checking '/thesis_project/simulation_ws/install/m2wr_description/bin'
[4.268s] Level 1:colcon.colcon_core.environment:checking '/thesis_project/simulation_ws/install/m2wr_description/lib/pkgconfig/m2wr_description.pc'
[4.271s] Level 1:colcon.colcon_core.environment:checking '/thesis_project/simulation_ws/install/m2wr_description/lib/python3.10/site-packages'
[4.273s] Level 1:colcon.colcon_core.environment:checking '/thesis_project/simulation_ws/install/m2wr_description/bin'
[4.277s] INFO:colcon.colcon_core.shell:Creating package script '/thesis_project/simulation_ws/install/m2wr_description/share/m2wr_description/package.ps1'
[4.305s] INFO:colcon.colcon_core.shell:Creating package descriptor '/thesis_project/simulation_ws/install/m2wr_description/share/m2wr_description/package.dsv'
[4.337s] INFO:colcon.colcon_core.shell:Creating package script '/thesis_project/simulation_ws/install/m2wr_description/share/m2wr_description/package.sh'
[4.372s] INFO:colcon.colcon_core.shell:Creating package script '/thesis_project/simulation_ws/install/m2wr_description/share/m2wr_description/package.bash'
[4.403s] INFO:colcon.colcon_core.shell:Creating package script '/thesis_project/simulation_ws/install/m2wr_description/share/m2wr_description/package.zsh'
[4.440s] Level 1:colcon.colcon_core.environment:create_file_with_runtime_dependencies(/thesis_project/simulation_ws/install/m2wr_description/share/colcon-core/packages/m2wr_description)
[4.477s] DEBUG:colcon.colcon_parallel_executor.executor.parallel:closing loop
[4.478s] DEBUG:colcon.colcon_parallel_executor.executor.parallel:loop closed
[4.479s] DEBUG:colcon.colcon_parallel_executor.executor.parallel:run_until_complete finished with '0'
[4.480s] DEBUG:colcon.colcon_core.event_reactor:joining thread
[4.539s] INFO:colcon.colcon_core.plugin_system:Skipping extension 'colcon_notification.desktop_notification.notify_send': Could not find 'notify-send'
[4.540s] INFO:colcon.colcon_core.plugin_system:Skipping extension 'colcon_notification.desktop_notification.terminal_notifier': Not used on non-Darwin systems
[4.541s] INFO:colcon.colcon_core.plugin_system:Skipping extension 'colcon_notification.desktop_notification.win32': Not used on non-Windows systems
[4.542s] INFO:colcon.colcon_notification.desktop_notification:Sending desktop notification using 'notify2'
[4.560s] DEBUG:colcon.colcon_notification.desktop_notification.notify2:Failed to initialize notify2: org.freedesktop.DBus.Error.ServiceUnknown: The name org.freedesktop.Notifications was not provided by any .service files
[4.561s] DEBUG:colcon.colcon_core.event_reactor:joined thread
[4.562s] INFO:colcon.colcon_core.shell:Creating prefix script '/thesis_project/simulation_ws/install/local_setup.ps1'
[4.586s] INFO:colcon.colcon_core.shell:Creating prefix util module '/thesis_project/simulation_ws/install/_local_setup_util_ps1.py'
[4.600s] INFO:colcon.colcon_core.shell:Creating prefix chain script '/thesis_project/simulation_ws/install/setup.ps1'
[4.655s] INFO:colcon.colcon_core.shell:Creating prefix script '/thesis_project/simulation_ws/install/local_setup.sh'
[4.677s] INFO:colcon.colcon_core.shell:Creating prefix util module '/thesis_project/simulation_ws/install/_local_setup_util_sh.py'
[4.691s] INFO:colcon.colcon_core.shell:Creating prefix chain script '/thesis_project/simulation_ws/install/setup.sh'
[4.729s] INFO:colcon.colcon_core.shell:Creating prefix script '/thesis_project/simulation_ws/install/local_setup.bash'
[4.739s] INFO:colcon.colcon_core.shell:Creating prefix chain script '/thesis_project/simulation_ws/install/setup.bash'
[4.768s] INFO:colcon.colcon_core.shell:Creating prefix script '/thesis_project/simulation_ws/install/local_setup.zsh'
[4.781s] INFO:colcon.colcon_core.shell:Creating prefix chain script '/thesis_project/simulation_ws/install/setup.zsh'
