[0.155s] Invoking command in '/thesis_project/simulation_ws/build/m2wr_description': CMAKE_PREFIX_PATH=/opt/ros/iron /usr/bin/cmake /thesis_project/simulation_ws/src/m2wr_description -DAMENT_CMAKE_SYMLINK_INSTALL=1 -DCMAKE_INSTALL_PREFIX=/thesis_project/simulation_ws/install/m2wr_description
[0.265s] -- Found ament_cmake: 2.0.4 (/opt/ros/iron/share/ament_cmake/cmake)
[0.739s] -- Override CMake install command with custom implementation using symlinks instead of copying resources
[0.922s] -- Found ament_lint_auto: 0.14.3 (/opt/ros/iron/share/ament_lint_auto/cmake)
[2.816s] -- Added test 'flake8' to check Python code syntax and style conventions
[2.828s] -- Configured 'flake8' exclude dirs and/or files: 
[3.033s] -- Added test 'lint_cmake' to check CMake code style
[3.230s] -- Added test 'pep257' to check Python code against some of the docstring style conventions in PEP 257
[4.352s] -- Added test 'xmllint' to check XML markup files
[4.524s] -- Configuring done
[5.225s] -- Generating done
[5.319s] -- Build files have been written to: /thesis_project/simulation_ws/build/m2wr_description
[5.324s] Invoked command in '/thesis_project/simulation_ws/build/m2wr_description' returned '0': CMAKE_PREFIX_PATH=/opt/ros/iron /usr/bin/cmake /thesis_project/simulation_ws/src/m2wr_description -DAMENT_CMAKE_SYMLINK_INSTALL=1 -DCMAKE_INSTALL_PREFIX=/thesis_project/simulation_ws/install/m2wr_description
[5.369s] Invoking command in '/thesis_project/simulation_ws/build/m2wr_description': CMAKE_PREFIX_PATH=/opt/ros/iron /usr/bin/cmake --build /thesis_project/simulation_ws/build/m2wr_description -- -j12 -l12
[5.660s] Invoked command in '/thesis_project/simulation_ws/build/m2wr_description' returned '0': CMAKE_PREFIX_PATH=/opt/ros/iron /usr/bin/cmake --build /thesis_project/simulation_ws/build/m2wr_description -- -j12 -l12
[5.866s] Invoking command in '/thesis_project/simulation_ws/build/m2wr_description': CMAKE_PREFIX_PATH=/opt/ros/iron /usr/bin/cmake --install /thesis_project/simulation_ws/build/m2wr_description
[5.895s] -- Install configuration: ""
[5.936s] -- Execute custom install script
[6.028s] -- Symlinking: /thesis_project/simulation_ws/install/m2wr_description/share/m2wr_description/launch/rsp.launch.py
[6.142s] -- Symlinking: /thesis_project/simulation_ws/install/m2wr_description/share/m2wr_description/launch/rsp_sim.launch.py
[6.292s] -- Up-to-date symlink: /thesis_project/simulation_ws/install/m2wr_description/share/ament_index/resource_index/package_run_dependencies/m2wr_description
[6.391s] -- Up-to-date symlink: /thesis_project/simulation_ws/install/m2wr_description/share/ament_index/resource_index/parent_prefix_path/m2wr_description
[6.440s] -- Up-to-date symlink: /thesis_project/simulation_ws/install/m2wr_description/share/m2wr_description/environment/ament_prefix_path.sh
[6.481s] -- Up-to-date symlink: /thesis_project/simulation_ws/install/m2wr_description/share/m2wr_description/environment/ament_prefix_path.dsv
[6.530s] -- Up-to-date symlink: /thesis_project/simulation_ws/install/m2wr_description/share/m2wr_description/environment/path.sh
[6.588s] -- Up-to-date symlink: /thesis_project/simulation_ws/install/m2wr_description/share/m2wr_description/environment/path.dsv
[6.634s] -- Up-to-date symlink: /thesis_project/simulation_ws/install/m2wr_description/share/m2wr_description/local_setup.bash
[6.667s] -- Up-to-date symlink: /thesis_project/simulation_ws/install/m2wr_description/share/m2wr_description/local_setup.sh
[6.702s] -- Up-to-date symlink: /thesis_project/simulation_ws/install/m2wr_description/share/m2wr_description/local_setup.zsh
[6.745s] -- Up-to-date symlink: /thesis_project/simulation_ws/install/m2wr_description/share/m2wr_description/local_setup.dsv
[6.759s] -- Symlinking: /thesis_project/simulation_ws/install/m2wr_description/share/m2wr_description/package.dsv
[6.936s] -- Up-to-date symlink: /thesis_project/simulation_ws/install/m2wr_description/share/ament_index/resource_index/packages/m2wr_description
[6.975s] -- Up-to-date symlink: /thesis_project/simulation_ws/install/m2wr_description/share/m2wr_description/cmake/m2wr_descriptionConfig.cmake
[7.018s] -- Up-to-date symlink: /thesis_project/simulation_ws/install/m2wr_description/share/m2wr_description/cmake/m2wr_descriptionConfig-version.cmake
[7.070s] -- Up-to-date symlink: /thesis_project/simulation_ws/install/m2wr_description/share/m2wr_description/package.xml
[7.079s] Invoked command in '/thesis_project/simulation_ws/build/m2wr_description' returned '0': CMAKE_PREFIX_PATH=/opt/ros/iron /usr/bin/cmake --install /thesis_project/simulation_ws/build/m2wr_description
