[0.222s] Invoking command in '/thesis_project/simulation_ws/build/m2wr_description': CMAKE_PREFIX_PATH=${CMAKE_PREFIX_PATH}:/opt/ros/iron /usr/bin/cmake --build /thesis_project/simulation_ws/build/m2wr_description -- -j12 -l12
[0.400s] Invoked command in '/thesis_project/simulation_ws/build/m2wr_description' returned '0': CMAKE_PREFIX_PATH=${CMAKE_PREFIX_PATH}:/opt/ros/iron /usr/bin/cmake --build /thesis_project/simulation_ws/build/m2wr_description -- -j12 -l12
[0.510s] Invoking command in '/thesis_project/simulation_ws/build/m2wr_description': CMAKE_PREFIX_PATH=${CMAKE_PREFIX_PATH}:/opt/ros/iron /usr/bin/cmake --install /thesis_project/simulation_ws/build/m2wr_description
[0.518s] -- Install configuration: ""
[0.540s] -- Execute custom install script
[0.645s] -- Up-to-date symlink: /thesis_project/simulation_ws/install/m2wr_description/share/m2wr_description/launch/rsp.launch.py
[0.715s] -- Up-to-date symlink: /thesis_project/simulation_ws/install/m2wr_description/share/m2wr_description/launch/rsp_sim.launch.py
[0.829s] -- Up-to-date symlink: /thesis_project/simulation_ws/install/m2wr_description/share/ament_index/resource_index/package_run_dependencies/m2wr_description
[0.969s] -- Up-to-date symlink: /thesis_project/simulation_ws/install/m2wr_description/share/ament_index/resource_index/parent_prefix_path/m2wr_description
[1.011s] -- Up-to-date symlink: /thesis_project/simulation_ws/install/m2wr_description/share/m2wr_description/environment/ament_prefix_path.sh
[1.078s] -- Up-to-date symlink: /thesis_project/simulation_ws/install/m2wr_description/share/m2wr_description/environment/ament_prefix_path.dsv
[1.117s] -- Up-to-date symlink: /thesis_project/simulation_ws/install/m2wr_description/share/m2wr_description/environment/path.sh
[1.184s] -- Up-to-date symlink: /thesis_project/simulation_ws/install/m2wr_description/share/m2wr_description/environment/path.dsv
[1.237s] -- Up-to-date symlink: /thesis_project/simulation_ws/install/m2wr_description/share/m2wr_description/local_setup.bash
[1.284s] -- Up-to-date symlink: /thesis_project/simulation_ws/install/m2wr_description/share/m2wr_description/local_setup.sh
[1.331s] -- Up-to-date symlink: /thesis_project/simulation_ws/install/m2wr_description/share/m2wr_description/local_setup.zsh
[1.382s] -- Up-to-date symlink: /thesis_project/simulation_ws/install/m2wr_description/share/m2wr_description/local_setup.dsv
[1.409s] -- Symlinking: /thesis_project/simulation_ws/install/m2wr_description/share/m2wr_description/package.dsv
[1.578s] -- Up-to-date symlink: /thesis_project/simulation_ws/install/m2wr_description/share/ament_index/resource_index/packages/m2wr_description
[1.631s] -- Up-to-date symlink: /thesis_project/simulation_ws/install/m2wr_description/share/m2wr_description/cmake/m2wr_descriptionConfig.cmake
[1.685s] -- Up-to-date symlink: /thesis_project/simulation_ws/install/m2wr_description/share/m2wr_description/cmake/m2wr_descriptionConfig-version.cmake
[1.750s] -- Up-to-date symlink: /thesis_project/simulation_ws/install/m2wr_description/share/m2wr_description/package.xml
[1.759s] Invoked command in '/thesis_project/simulation_ws/build/m2wr_description' returned '0': CMAKE_PREFIX_PATH=${CMAKE_PREFIX_PATH}:/opt/ros/iron /usr/bin/cmake --install /thesis_project/simulation_ws/build/m2wr_description
