[0.192s] Invoking command in '/thesis_project/simulation_ws/build/m2wr_description': CMAKE_PREFIX_PATH=${CMAKE_PREFIX_PATH}:/opt/ros/iron /usr/bin/cmake --build /thesis_project/simulation_ws/build/m2wr_description -- -j12 -l12
[0.374s] Invoked command in '/thesis_project/simulation_ws/build/m2wr_description' returned '0': CMAKE_PREFIX_PATH=${CMAKE_PREFIX_PATH}:/opt/ros/iron /usr/bin/cmake --build /thesis_project/simulation_ws/build/m2wr_description -- -j12 -l12
[0.469s] Invoking command in '/thesis_project/simulation_ws/build/m2wr_description': CMAKE_PREFIX_PATH=${CMAKE_PREFIX_PATH}:/opt/ros/iron /usr/bin/cmake --install /thesis_project/simulation_ws/build/m2wr_description
[0.487s] -- Install configuration: ""
[0.509s] -- Execute custom install script
[0.597s] -- Up-to-date symlink: /thesis_project/simulation_ws/install/m2wr_description/share/m2wr_description/launch/rsp.launch.py
[0.652s] -- Up-to-date symlink: /thesis_project/simulation_ws/install/m2wr_description/share/m2wr_description/launch/rsp_sim.launch.py
[0.737s] -- Up-to-date symlink: /thesis_project/simulation_ws/install/m2wr_description/share/ament_index/resource_index/package_run_dependencies/m2wr_description
[0.822s] -- Up-to-date symlink: /thesis_project/simulation_ws/install/m2wr_description/share/ament_index/resource_index/parent_prefix_path/m2wr_description
[0.857s] -- Up-to-date symlink: /thesis_project/simulation_ws/install/m2wr_description/share/m2wr_description/environment/ament_prefix_path.sh
[0.895s] -- Up-to-date symlink: /thesis_project/simulation_ws/install/m2wr_description/share/m2wr_description/environment/ament_prefix_path.dsv
[0.938s] -- Up-to-date symlink: /thesis_project/simulation_ws/install/m2wr_description/share/m2wr_description/environment/path.sh
[0.990s] -- Up-to-date symlink: /thesis_project/simulation_ws/install/m2wr_description/share/m2wr_description/environment/path.dsv
[1.031s] -- Up-to-date symlink: /thesis_project/simulation_ws/install/m2wr_description/share/m2wr_description/local_setup.bash
[1.068s] -- Up-to-date symlink: /thesis_project/simulation_ws/install/m2wr_description/share/m2wr_description/local_setup.sh
[1.105s] -- Up-to-date symlink: /thesis_project/simulation_ws/install/m2wr_description/share/m2wr_description/local_setup.zsh
[1.144s] -- Up-to-date symlink: /thesis_project/simulation_ws/install/m2wr_description/share/m2wr_description/local_setup.dsv
[1.161s] -- Symlinking: /thesis_project/simulation_ws/install/m2wr_description/share/m2wr_description/package.dsv
[1.314s] -- Up-to-date symlink: /thesis_project/simulation_ws/install/m2wr_description/share/ament_index/resource_index/packages/m2wr_description
[1.369s] -- Up-to-date symlink: /thesis_project/simulation_ws/install/m2wr_description/share/m2wr_description/cmake/m2wr_descriptionConfig.cmake
[1.408s] -- Up-to-date symlink: /thesis_project/simulation_ws/install/m2wr_description/share/m2wr_description/cmake/m2wr_descriptionConfig-version.cmake
[1.450s] -- Up-to-date symlink: /thesis_project/simulation_ws/install/m2wr_description/share/m2wr_description/package.xml
[1.457s] Invoked command in '/thesis_project/simulation_ws/build/m2wr_description' returned '0': CMAKE_PREFIX_PATH=${CMAKE_PREFIX_PATH}:/opt/ros/iron /usr/bin/cmake --install /thesis_project/simulation_ws/build/m2wr_description
