[0.183s] Invoking command in '/thesis_project/simulation_ws/build/m2wr_description': CMAKE_PREFIX_PATH=${CMAKE_PREFIX_PATH}:/opt/ros/iron /usr/bin/cmake /thesis_project/simulation_ws/src/m2wr_description -DAMENT_CMAKE_SYMLINK_INSTALL=1 -DCMAKE_INSTALL_PREFIX=/thesis_project/simulation_ws/install/m2wr_description
[1.040s] -- The C compiler identification is GNU 11.4.0
[1.483s] -- The CXX compiler identification is GNU 11.4.0
[1.578s] -- Detecting C compiler ABI info
[2.363s] -- Detecting C compiler ABI info - done
[2.401s] -- Check for working C compiler: /usr/bin/cc - skipped
[2.402s] -- Detecting C compile features
[2.404s] -- Detecting C compile features - done
[2.499s] -- Detecting CXX compiler ABI info
[3.257s] -- Detecting CXX compiler ABI info - done
[3.304s] -- Check for working CXX compiler: /usr/bin/c++ - skipped
[3.306s] -- Detecting CXX compile features
[3.308s] -- Detecting CXX compile features - done
[3.485s] -- Found ament_cmake: 2.0.4 (/opt/ros/iron/share/ament_cmake/cmake)
[4.210s] -- Found Python3: /usr/bin/python3.10 (found version "3.10.12") found components: Interpreter 
[4.415s] -- Override CMake install command with custom implementation using symlinks instead of copying resources
[5.906s] -- Found ament_lint_auto: 0.14.3 (/opt/ros/iron/share/ament_lint_auto/cmake)
[7.931s] -- Added test 'lint_cmake' to check CMake code style
[8.651s] -- Added test 'xmllint' to check XML markup files
[8.879s] -- Configuring done
[9.367s] -- Generating done
[9.449s] -- Build files have been written to: /thesis_project/simulation_ws/build/m2wr_description
[9.456s] Invoked command in '/thesis_project/simulation_ws/build/m2wr_description' returned '0': CMAKE_PREFIX_PATH=${CMAKE_PREFIX_PATH}:/opt/ros/iron /usr/bin/cmake /thesis_project/simulation_ws/src/m2wr_description -DAMENT_CMAKE_SYMLINK_INSTALL=1 -DCMAKE_INSTALL_PREFIX=/thesis_project/simulation_ws/install/m2wr_description
[9.473s] Invoking command in '/thesis_project/simulation_ws/build/m2wr_description': CMAKE_PREFIX_PATH=${CMAKE_PREFIX_PATH}:/opt/ros/iron /usr/bin/cmake --build /thesis_project/simulation_ws/build/m2wr_description -- -j12 -l12
[9.648s] Invoked command in '/thesis_project/simulation_ws/build/m2wr_description' returned '0': CMAKE_PREFIX_PATH=${CMAKE_PREFIX_PATH}:/opt/ros/iron /usr/bin/cmake --build /thesis_project/simulation_ws/build/m2wr_description -- -j12 -l12
[9.731s] Invoking command in '/thesis_project/simulation_ws/build/m2wr_description': CMAKE_PREFIX_PATH=${CMAKE_PREFIX_PATH}:/opt/ros/iron /usr/bin/cmake --install /thesis_project/simulation_ws/build/m2wr_description
[9.746s] -- Install configuration: ""
[9.760s] -- Execute custom install script
[9.802s] -- Symlinking: /thesis_project/simulation_ws/install/m2wr_description/share/ament_index/resource_index/package_run_dependencies/m2wr_description
[9.892s] -- Symlinking: /thesis_project/simulation_ws/install/m2wr_description/share/ament_index/resource_index/parent_prefix_path/m2wr_description
[9.984s] -- Symlinking: /thesis_project/simulation_ws/install/m2wr_description/share/m2wr_description/environment/ament_prefix_path.sh
[10.042s] -- Symlinking: /thesis_project/simulation_ws/install/m2wr_description/share/m2wr_description/environment/ament_prefix_path.dsv
[10.109s] -- Symlinking: /thesis_project/simulation_ws/install/m2wr_description/share/m2wr_description/environment/path.sh
[10.162s] -- Symlinking: /thesis_project/simulation_ws/install/m2wr_description/share/m2wr_description/environment/path.dsv
[10.220s] -- Symlinking: /thesis_project/simulation_ws/install/m2wr_description/share/m2wr_description/local_setup.bash
[10.272s] -- Symlinking: /thesis_project/simulation_ws/install/m2wr_description/share/m2wr_description/local_setup.sh
[10.325s] -- Symlinking: /thesis_project/simulation_ws/install/m2wr_description/share/m2wr_description/local_setup.zsh
[10.375s] -- Symlinking: /thesis_project/simulation_ws/install/m2wr_description/share/m2wr_description/local_setup.dsv
[10.436s] -- Symlinking: /thesis_project/simulation_ws/install/m2wr_description/share/m2wr_description/package.dsv
[10.515s] -- Symlinking: /thesis_project/simulation_ws/install/m2wr_description/share/ament_index/resource_index/packages/m2wr_description
[10.593s] -- Symlinking: /thesis_project/simulation_ws/install/m2wr_description/share/m2wr_description/cmake/m2wr_descriptionConfig.cmake
[10.645s] -- Symlinking: /thesis_project/simulation_ws/install/m2wr_description/share/m2wr_description/cmake/m2wr_descriptionConfig-version.cmake
[10.706s] -- Symlinking: /thesis_project/simulation_ws/install/m2wr_description/share/m2wr_description/package.xml
[10.751s] Invoked command in '/thesis_project/simulation_ws/build/m2wr_description' returned '0': CMAKE_PREFIX_PATH=${CMAKE_PREFIX_PATH}:/opt/ros/iron /usr/bin/cmake --install /thesis_project/simulation_ws/build/m2wr_description
