[0.251s] DEBUG:colcon:Command line arguments: ['/usr/bin/colcon', 'build', '--symlink-install']
[0.252s] DEBUG:colcon:Parsed command line arguments: Namespace(log_base=None, log_level=None, verb_name='build', build_base='build', install_base='install', merge_install=False, symlink_install=True, test_result_base=None, continue_on_error=False, executor='parallel', parallel_workers=12, event_handlers=None, ignore_user_meta=False, metas=['./colcon.meta'], base_paths=['.'], packages_ignore=None, packages_ignore_regex=None, paths=None, packages_up_to=None, packages_up_to_regex=None, packages_above=None, packages_above_and_dependencies=None, packages_above_depth=None, packages_select_by_dep=None, packages_skip_by_dep=None, packages_skip_up_to=None, packages_select_build_failed=False, packages_skip_build_finished=False, packages_select_test_failures=False, packages_skip_test_passed=False, packages_select=None, packages_skip=None, packages_select_regex=None, packages_skip_regex=None, packages_start=None, packages_end=None, cmake_args=None, cmake_target=None, cmake_target_skip_unavailable=False, cmake_clean_cache=False, cmake_clean_first=False, cmake_force_configure=False, ament_cmake_args=None, catkin_cmake_args=None, catkin_skip_building_tests=False, mixin_files=None, mixin=None, verb_parser=<colcon_mixin.mixin.mixin_argument.MixinArgumentDecorator object at 0x7f15916ffbb0>, verb_extension=<colcon_core.verb.build.BuildVerb object at 0x7f159184c220>, main=<bound method BuildVerb.main of <colcon_core.verb.build.BuildVerb object at 0x7f159184c220>>, mixin_verb=('build',))
[0.523s] Level 1:colcon.colcon_core.package_discovery:discover_packages(colcon_meta) check parameters
[0.524s] Level 1:colcon.colcon_core.package_discovery:discover_packages(recursive) check parameters
[0.524s] Level 1:colcon.colcon_core.package_discovery:discover_packages(ignore) check parameters
[0.524s] Level 1:colcon.colcon_core.package_discovery:discover_packages(path) check parameters
[0.525s] Level 1:colcon.colcon_core.package_discovery:discover_packages(colcon_meta) discover
[0.525s] Level 1:colcon.colcon_core.package_discovery:discover_packages(recursive) discover
[0.526s] INFO:colcon.colcon_core.package_discovery:Crawling recursively for packages in '/thesis_project/simulation_ws'
[0.529s] Level 1:colcon.colcon_core.package_identification:_identify(.) by extensions ['ignore', 'ignore_ament_install']
[0.530s] Level 1:colcon.colcon_core.package_identification:_identify(.) by extension 'ignore'
[0.531s] Level 1:colcon.colcon_core.package_identification:_identify(.) by extension 'ignore_ament_install'
[0.532s] Level 1:colcon.colcon_core.package_identification:_identify(.) by extensions ['colcon_pkg']
[0.533s] Level 1:colcon.colcon_core.package_identification:_identify(.) by extension 'colcon_pkg'
[0.533s] Level 1:colcon.colcon_core.package_identification:_identify(.) by extensions ['colcon_meta']
[0.534s] Level 1:colcon.colcon_core.package_identification:_identify(.) by extension 'colcon_meta'
[0.534s] Level 1:colcon.colcon_core.package_identification:_identify(.) by extensions ['ros']
[0.535s] Level 1:colcon.colcon_core.package_identification:_identify(.) by extension 'ros'
[0.555s] Level 1:colcon.colcon_core.package_identification:_identify(.) by extensions ['cmake', 'python']
[0.555s] Level 1:colcon.colcon_core.package_identification:_identify(.) by extension 'cmake'
[0.556s] Level 1:colcon.colcon_core.package_identification:_identify(.) by extension 'python'
[0.557s] Level 1:colcon.colcon_core.package_identification:_identify(.) by extensions ['python_setup_py']
[0.558s] Level 1:colcon.colcon_core.package_identification:_identify(.) by extension 'python_setup_py'
[0.563s] Level 1:colcon.colcon_core.package_identification:_identify(build) by extensions ['ignore', 'ignore_ament_install']
[0.564s] Level 1:colcon.colcon_core.package_identification:_identify(build) by extension 'ignore'
[0.567s] Level 1:colcon.colcon_core.package_identification:_identify(build) ignored
[0.572s] Level 1:colcon.colcon_core.package_identification:_identify(install) by extensions ['ignore', 'ignore_ament_install']
[0.572s] Level 1:colcon.colcon_core.package_identification:_identify(install) by extension 'ignore'
[0.575s] Level 1:colcon.colcon_core.package_identification:_identify(install) ignored
[0.582s] Level 1:colcon.colcon_core.package_identification:_identify(log) by extensions ['ignore', 'ignore_ament_install']
[0.583s] Level 1:colcon.colcon_core.package_identification:_identify(log) by extension 'ignore'
[0.584s] Level 1:colcon.colcon_core.package_identification:_identify(log) ignored
[0.589s] Level 1:colcon.colcon_core.package_identification:_identify(src) by extensions ['ignore', 'ignore_ament_install']
[0.589s] Level 1:colcon.colcon_core.package_identification:_identify(src) by extension 'ignore'
[0.591s] Level 1:colcon.colcon_core.package_identification:_identify(src) by extension 'ignore_ament_install'
[0.593s] Level 1:colcon.colcon_core.package_identification:_identify(src) by extensions ['colcon_pkg']
[0.593s] Level 1:colcon.colcon_core.package_identification:_identify(src) by extension 'colcon_pkg'
[0.595s] Level 1:colcon.colcon_core.package_identification:_identify(src) by extensions ['colcon_meta']
[0.595s] Level 1:colcon.colcon_core.package_identification:_identify(src) by extension 'colcon_meta'
[0.596s] Level 1:colcon.colcon_core.package_identification:_identify(src) by extensions ['ros']
[0.597s] Level 1:colcon.colcon_core.package_identification:_identify(src) by extension 'ros'
[0.603s] Level 1:colcon.colcon_core.package_identification:_identify(src) by extensions ['cmake', 'python']
[0.603s] Level 1:colcon.colcon_core.package_identification:_identify(src) by extension 'cmake'
[0.605s] Level 1:colcon.colcon_core.package_identification:_identify(src) by extension 'python'
[0.606s] Level 1:colcon.colcon_core.package_identification:_identify(src) by extensions ['python_setup_py']
[0.607s] Level 1:colcon.colcon_core.package_identification:_identify(src) by extension 'python_setup_py'
[0.613s] Level 1:colcon.colcon_core.package_identification:_identify(src/m2wr_description) by extensions ['ignore', 'ignore_ament_install']
[0.613s] Level 1:colcon.colcon_core.package_identification:_identify(src/m2wr_description) by extension 'ignore'
[0.615s] Level 1:colcon.colcon_core.package_identification:_identify(src/m2wr_description) by extension 'ignore_ament_install'
[0.620s] Level 1:colcon.colcon_core.package_identification:_identify(src/m2wr_description) by extensions ['colcon_pkg']
[0.620s] Level 1:colcon.colcon_core.package_identification:_identify(src/m2wr_description) by extension 'colcon_pkg'
[0.622s] Level 1:colcon.colcon_core.package_identification:_identify(src/m2wr_description) by extensions ['colcon_meta']
[0.622s] Level 1:colcon.colcon_core.package_identification:_identify(src/m2wr_description) by extension 'colcon_meta'
[0.626s] Level 1:colcon.colcon_core.package_identification:_identify(src/m2wr_description) by extensions ['ros']
[0.626s] Level 1:colcon.colcon_core.package_identification:_identify(src/m2wr_description) by extension 'ros'
[0.649s] DEBUG:colcon.colcon_core.package_identification:Package 'src/m2wr_description' with type 'ros.ament_cmake' and name 'm2wr_description'
[0.656s] Level 1:colcon.colcon_core.package_identification:_identify(src/ti_rlsk_description) by extensions ['ignore', 'ignore_ament_install']
[0.656s] Level 1:colcon.colcon_core.package_identification:_identify(src/ti_rlsk_description) by extension 'ignore'
[0.658s] Level 1:colcon.colcon_core.package_identification:_identify(src/ti_rlsk_description) by extension 'ignore_ament_install'
[0.662s] Level 1:colcon.colcon_core.package_identification:_identify(src/ti_rlsk_description) by extensions ['colcon_pkg']
[0.663s] Level 1:colcon.colcon_core.package_identification:_identify(src/ti_rlsk_description) by extension 'colcon_pkg'
[0.665s] Level 1:colcon.colcon_core.package_identification:_identify(src/ti_rlsk_description) by extensions ['colcon_meta']
[0.665s] Level 1:colcon.colcon_core.package_identification:_identify(src/ti_rlsk_description) by extension 'colcon_meta'
[0.669s] Level 1:colcon.colcon_core.package_identification:_identify(src/ti_rlsk_description) by extensions ['ros']
[0.669s] Level 1:colcon.colcon_core.package_identification:_identify(src/ti_rlsk_description) by extension 'ros'
[0.690s] DEBUG:colcon.colcon_core.package_identification:Package 'src/ti_rlsk_description' with type 'ros.ament_cmake' and name 'ti_rlsk_description'
[0.690s] Level 1:colcon.colcon_core.package_discovery:discover_packages(recursive) using defaults
[0.691s] Level 1:colcon.colcon_core.package_discovery:discover_packages(ignore) discover
[0.691s] Level 1:colcon.colcon_core.package_discovery:discover_packages(ignore) using defaults
[0.691s] Level 1:colcon.colcon_core.package_discovery:discover_packages(path) discover
[0.692s] Level 1:colcon.colcon_core.package_discovery:discover_packages(path) using defaults
[0.734s] Level 5:colcon.colcon_core.verb:set package 'm2wr_description' build argument 'cmake_args' from command line to 'None'
[0.734s] Level 5:colcon.colcon_core.verb:set package 'm2wr_description' build argument 'cmake_target' from command line to 'None'
[0.735s] Level 5:colcon.colcon_core.verb:set package 'm2wr_description' build argument 'cmake_target_skip_unavailable' from command line to 'False'
[0.735s] Level 5:colcon.colcon_core.verb:set package 'm2wr_description' build argument 'cmake_clean_cache' from command line to 'False'
[0.735s] Level 5:colcon.colcon_core.verb:set package 'm2wr_description' build argument 'cmake_clean_first' from command line to 'False'
[0.736s] Level 5:colcon.colcon_core.verb:set package 'm2wr_description' build argument 'cmake_force_configure' from command line to 'False'
[0.736s] Level 5:colcon.colcon_core.verb:set package 'm2wr_description' build argument 'ament_cmake_args' from command line to 'None'
[0.736s] Level 5:colcon.colcon_core.verb:set package 'm2wr_description' build argument 'catkin_cmake_args' from command line to 'None'
[0.737s] Level 5:colcon.colcon_core.verb:set package 'm2wr_description' build argument 'catkin_skip_building_tests' from command line to 'False'
[0.737s] DEBUG:colcon.colcon_core.verb:Building package 'm2wr_description' with the following arguments: {'ament_cmake_args': None, 'build_base': '/thesis_project/simulation_ws/build/m2wr_description', 'catkin_cmake_args': None, 'catkin_skip_building_tests': False, 'cmake_args': None, 'cmake_clean_cache': False, 'cmake_clean_first': False, 'cmake_force_configure': False, 'cmake_target': None, 'cmake_target_skip_unavailable': False, 'install_base': '/thesis_project/simulation_ws/install/m2wr_description', 'merge_install': False, 'path': '/thesis_project/simulation_ws/src/m2wr_description', 'symlink_install': True, 'test_result_base': None}
[0.738s] Level 5:colcon.colcon_core.verb:set package 'ti_rlsk_description' build argument 'cmake_args' from command line to 'None'
[0.738s] Level 5:colcon.colcon_core.verb:set package 'ti_rlsk_description' build argument 'cmake_target' from command line to 'None'
[0.739s] Level 5:colcon.colcon_core.verb:set package 'ti_rlsk_description' build argument 'cmake_target_skip_unavailable' from command line to 'False'
[0.739s] Level 5:colcon.colcon_core.verb:set package 'ti_rlsk_description' build argument 'cmake_clean_cache' from command line to 'False'
[0.739s] Level 5:colcon.colcon_core.verb:set package 'ti_rlsk_description' build argument 'cmake_clean_first' from command line to 'False'
[0.740s] Level 5:colcon.colcon_core.verb:set package 'ti_rlsk_description' build argument 'cmake_force_configure' from command line to 'False'
[0.740s] Level 5:colcon.colcon_core.verb:set package 'ti_rlsk_description' build argument 'ament_cmake_args' from command line to 'None'
[0.740s] Level 5:colcon.colcon_core.verb:set package 'ti_rlsk_description' build argument 'catkin_cmake_args' from command line to 'None'
[0.741s] Level 5:colcon.colcon_core.verb:set package 'ti_rlsk_description' build argument 'catkin_skip_building_tests' from command line to 'False'
[0.741s] DEBUG:colcon.colcon_core.verb:Building package 'ti_rlsk_description' with the following arguments: {'ament_cmake_args': None, 'build_base': '/thesis_project/simulation_ws/build/ti_rlsk_description', 'catkin_cmake_args': None, 'catkin_skip_building_tests': False, 'cmake_args': None, 'cmake_clean_cache': False, 'cmake_clean_first': False, 'cmake_force_configure': False, 'cmake_target': None, 'cmake_target_skip_unavailable': False, 'install_base': '/thesis_project/simulation_ws/install/ti_rlsk_description', 'merge_install': False, 'path': '/thesis_project/simulation_ws/src/ti_rlsk_description', 'symlink_install': True, 'test_result_base': None}
[0.742s] INFO:colcon.colcon_core.executor:Executing jobs using 'parallel' executor
[0.743s] DEBUG:colcon.colcon_parallel_executor.executor.parallel:run_until_complete
[0.744s] INFO:colcon.colcon_ros.task.ament_cmake.build:Building ROS package in '/thesis_project/simulation_ws/src/m2wr_description' with build type 'ament_cmake'
[0.744s] INFO:colcon.colcon_cmake.task.cmake.build:Building CMake package in '/thesis_project/simulation_ws/src/m2wr_description'
[0.750s] INFO:colcon.colcon_core.plugin_system:Skipping extension 'colcon_core.shell.bat': Not used on non-Windows systems
[0.751s] INFO:colcon.colcon_core.shell:Skip shell extension 'powershell' for command environment: Not usable outside of PowerShell
[0.751s] DEBUG:colcon.colcon_core.shell:Skip shell extension 'dsv' for command environment
[0.858s] INFO:colcon.colcon_ros.task.ament_cmake.build:Building ROS package in '/thesis_project/simulation_ws/src/ti_rlsk_description' with build type 'ament_cmake'
[0.859s] INFO:colcon.colcon_cmake.task.cmake.build:Building CMake package in '/thesis_project/simulation_ws/src/ti_rlsk_description'
[0.860s] INFO:colcon.colcon_core.shell:Skip shell extension 'powershell' for command environment: Not usable outside of PowerShell
[0.860s] DEBUG:colcon.colcon_core.shell:Skip shell extension 'dsv' for command environment
[1.055s] DEBUG:colcon.colcon_core.event_handler.log_command:Invoking command in '/thesis_project/simulation_ws/build/m2wr_description': CMAKE_PREFIX_PATH=${CMAKE_PREFIX_PATH}:/opt/ros/iron /usr/bin/cmake --build /thesis_project/simulation_ws/build/m2wr_description -- -j12 -l12
[1.103s] DEBUG:colcon.colcon_core.event_handler.log_command:Invoking command in '/thesis_project/simulation_ws/build/ti_rlsk_description': CMAKE_PREFIX_PATH=${CMAKE_PREFIX_PATH}:/opt/ros/iron /usr/bin/cmake --build /thesis_project/simulation_ws/build/ti_rlsk_description -- -j12 -l12
[1.218s] DEBUG:colcon.colcon_core.event_handler.log_command:Invoked command in '/thesis_project/simulation_ws/build/m2wr_description' returned '0': CMAKE_PREFIX_PATH=${CMAKE_PREFIX_PATH}:/opt/ros/iron /usr/bin/cmake --build /thesis_project/simulation_ws/build/m2wr_description -- -j12 -l12
[1.283s] DEBUG:colcon.colcon_core.event_handler.log_command:Invoked command in '/thesis_project/simulation_ws/build/ti_rlsk_description' returned '0': CMAKE_PREFIX_PATH=${CMAKE_PREFIX_PATH}:/opt/ros/iron /usr/bin/cmake --build /thesis_project/simulation_ws/build/ti_rlsk_description -- -j12 -l12
[1.328s] DEBUG:colcon.colcon_core.event_handler.log_command:Invoking command in '/thesis_project/simulation_ws/build/m2wr_description': CMAKE_PREFIX_PATH=${CMAKE_PREFIX_PATH}:/opt/ros/iron /usr/bin/cmake --install /thesis_project/simulation_ws/build/m2wr_description
[1.360s] DEBUG:colcon.colcon_core.event_handler.log_command:Invoking command in '/thesis_project/simulation_ws/build/ti_rlsk_description': CMAKE_PREFIX_PATH=${CMAKE_PREFIX_PATH}:/opt/ros/iron /usr/bin/cmake --install /thesis_project/simulation_ws/build/ti_rlsk_description
[2.272s] Level 1:colcon.colcon_core.environment:create_environment_scripts_only(m2wr_description)
[2.274s] DEBUG:colcon.colcon_core.event_handler.log_command:Invoked command in '/thesis_project/simulation_ws/build/m2wr_description' returned '0': CMAKE_PREFIX_PATH=${CMAKE_PREFIX_PATH}:/opt/ros/iron /usr/bin/cmake --install /thesis_project/simulation_ws/build/m2wr_description
[2.279s] Level 1:colcon.colcon_core.environment:checking '/thesis_project/simulation_ws/install/m2wr_description' for CMake module files
[2.458s] Level 1:colcon.colcon_core.environment:checking '/thesis_project/simulation_ws/install/m2wr_description' for CMake config files
[2.610s] Level 1:colcon.colcon_core.shell:create_environment_hook('m2wr_description', 'cmake_prefix_path')
[2.611s] INFO:colcon.colcon_core.shell:Creating environment hook '/thesis_project/simulation_ws/install/m2wr_description/share/m2wr_description/hook/cmake_prefix_path.ps1'
[2.634s] INFO:colcon.colcon_core.shell:Creating environment descriptor '/thesis_project/simulation_ws/install/m2wr_description/share/m2wr_description/hook/cmake_prefix_path.dsv'
[2.659s] INFO:colcon.colcon_core.shell:Creating environment hook '/thesis_project/simulation_ws/install/m2wr_description/share/m2wr_description/hook/cmake_prefix_path.sh'
[2.688s] Level 1:colcon.colcon_core.environment:checking '/thesis_project/simulation_ws/install/m2wr_description/bin'
[2.691s] Level 1:colcon.colcon_core.environment:checking '/thesis_project/simulation_ws/install/m2wr_description/lib/pkgconfig/m2wr_description.pc'
[2.695s] Level 1:colcon.colcon_core.environment:checking '/thesis_project/simulation_ws/install/m2wr_description/lib/python3.10/site-packages'
[2.698s] Level 1:colcon.colcon_core.environment:checking '/thesis_project/simulation_ws/install/m2wr_description/bin'
[2.701s] INFO:colcon.colcon_core.shell:Creating package script '/thesis_project/simulation_ws/install/m2wr_description/share/m2wr_description/package.ps1'
[2.721s] INFO:colcon.colcon_core.shell:Creating package descriptor '/thesis_project/simulation_ws/install/m2wr_description/share/m2wr_description/package.dsv'
[2.748s] INFO:colcon.colcon_core.shell:Creating package script '/thesis_project/simulation_ws/install/m2wr_description/share/m2wr_description/package.sh'
[2.769s] INFO:colcon.colcon_core.shell:Creating package script '/thesis_project/simulation_ws/install/m2wr_description/share/m2wr_description/package.bash'
[2.788s] INFO:colcon.colcon_core.shell:Creating package script '/thesis_project/simulation_ws/install/m2wr_description/share/m2wr_description/package.zsh'
[2.811s] Level 1:colcon.colcon_core.environment:create_file_with_runtime_dependencies(/thesis_project/simulation_ws/install/m2wr_description/share/colcon-core/packages/m2wr_description)
[2.836s] Level 1:colcon.colcon_core.environment:create_environment_scripts_only(ti_rlsk_description)
[2.836s] Level 1:colcon.colcon_core.environment:checking '/thesis_project/simulation_ws/install/ti_rlsk_description' for CMake module files
[2.838s] DEBUG:colcon.colcon_core.event_handler.log_command:Invoked command in '/thesis_project/simulation_ws/build/ti_rlsk_description' returned '0': CMAKE_PREFIX_PATH=${CMAKE_PREFIX_PATH}:/opt/ros/iron /usr/bin/cmake --install /thesis_project/simulation_ws/build/ti_rlsk_description
[3.040s] Level 1:colcon.colcon_core.environment:checking '/thesis_project/simulation_ws/install/ti_rlsk_description' for CMake config files
[3.207s] Level 1:colcon.colcon_core.shell:create_environment_hook('ti_rlsk_description', 'cmake_prefix_path')
[3.208s] INFO:colcon.colcon_core.shell:Creating environment hook '/thesis_project/simulation_ws/install/ti_rlsk_description/share/ti_rlsk_description/hook/cmake_prefix_path.ps1'
[3.231s] INFO:colcon.colcon_core.shell:Creating environment descriptor '/thesis_project/simulation_ws/install/ti_rlsk_description/share/ti_rlsk_description/hook/cmake_prefix_path.dsv'
[3.254s] INFO:colcon.colcon_core.shell:Creating environment hook '/thesis_project/simulation_ws/install/ti_rlsk_description/share/ti_rlsk_description/hook/cmake_prefix_path.sh'
[3.281s] Level 1:colcon.colcon_core.environment:checking '/thesis_project/simulation_ws/install/ti_rlsk_description/bin'
[3.283s] Level 1:colcon.colcon_core.environment:checking '/thesis_project/simulation_ws/install/ti_rlsk_description/lib/pkgconfig/ti_rlsk_description.pc'
[3.286s] Level 1:colcon.colcon_core.environment:checking '/thesis_project/simulation_ws/install/ti_rlsk_description/lib/python3.10/site-packages'
[3.289s] Level 1:colcon.colcon_core.environment:checking '/thesis_project/simulation_ws/install/ti_rlsk_description/bin'
[3.292s] INFO:colcon.colcon_core.shell:Creating package script '/thesis_project/simulation_ws/install/ti_rlsk_description/share/ti_rlsk_description/package.ps1'
[3.313s] INFO:colcon.colcon_core.shell:Creating package descriptor '/thesis_project/simulation_ws/install/ti_rlsk_description/share/ti_rlsk_description/package.dsv'
[3.337s] INFO:colcon.colcon_core.shell:Creating package script '/thesis_project/simulation_ws/install/ti_rlsk_description/share/ti_rlsk_description/package.sh'
[3.359s] INFO:colcon.colcon_core.shell:Creating package script '/thesis_project/simulation_ws/install/ti_rlsk_description/share/ti_rlsk_description/package.bash'
[3.378s] INFO:colcon.colcon_core.shell:Creating package script '/thesis_project/simulation_ws/install/ti_rlsk_description/share/ti_rlsk_description/package.zsh'
[3.397s] Level 1:colcon.colcon_core.environment:create_file_with_runtime_dependencies(/thesis_project/simulation_ws/install/ti_rlsk_description/share/colcon-core/packages/ti_rlsk_description)
[3.423s] Level 1:colcon.colcon_core.environment:create_environment_scripts_only(m2wr_description)
[3.424s] Level 1:colcon.colcon_core.environment:checking '/thesis_project/simulation_ws/install/m2wr_description' for CMake module files
[3.605s] Level 1:colcon.colcon_core.environment:checking '/thesis_project/simulation_ws/install/m2wr_description' for CMake config files
[3.762s] Level 1:colcon.colcon_core.shell:create_environment_hook('m2wr_description', 'cmake_prefix_path')
[3.762s] INFO:colcon.colcon_core.shell:Creating environment hook '/thesis_project/simulation_ws/install/m2wr_description/share/m2wr_description/hook/cmake_prefix_path.ps1'
[3.785s] INFO:colcon.colcon_core.shell:Creating environment descriptor '/thesis_project/simulation_ws/install/m2wr_description/share/m2wr_description/hook/cmake_prefix_path.dsv'
[3.810s] INFO:colcon.colcon_core.shell:Creating environment hook '/thesis_project/simulation_ws/install/m2wr_description/share/m2wr_description/hook/cmake_prefix_path.sh'
[3.844s] Level 1:colcon.colcon_core.environment:checking '/thesis_project/simulation_ws/install/m2wr_description/bin'
[3.846s] Level 1:colcon.colcon_core.environment:checking '/thesis_project/simulation_ws/install/m2wr_description/lib/pkgconfig/m2wr_description.pc'
[3.848s] Level 1:colcon.colcon_core.environment:checking '/thesis_project/simulation_ws/install/m2wr_description/lib/python3.10/site-packages'
[3.851s] Level 1:colcon.colcon_core.environment:checking '/thesis_project/simulation_ws/install/m2wr_description/bin'
[3.854s] INFO:colcon.colcon_core.shell:Creating package script '/thesis_project/simulation_ws/install/m2wr_description/share/m2wr_description/package.ps1'
[3.874s] INFO:colcon.colcon_core.shell:Creating package descriptor '/thesis_project/simulation_ws/install/m2wr_description/share/m2wr_description/package.dsv'
[3.895s] INFO:colcon.colcon_core.shell:Creating package script '/thesis_project/simulation_ws/install/m2wr_description/share/m2wr_description/package.sh'
[3.918s] INFO:colcon.colcon_core.shell:Creating package script '/thesis_project/simulation_ws/install/m2wr_description/share/m2wr_description/package.bash'
[3.942s] INFO:colcon.colcon_core.shell:Creating package script '/thesis_project/simulation_ws/install/m2wr_description/share/m2wr_description/package.zsh'
[3.963s] Level 1:colcon.colcon_core.environment:create_file_with_runtime_dependencies(/thesis_project/simulation_ws/install/m2wr_description/share/colcon-core/packages/m2wr_description)
[3.981s] Level 1:colcon.colcon_core.environment:create_environment_scripts_only(ti_rlsk_description)
[3.982s] Level 1:colcon.colcon_core.environment:checking '/thesis_project/simulation_ws/install/ti_rlsk_description' for CMake module files
[4.170s] Level 1:colcon.colcon_core.environment:checking '/thesis_project/simulation_ws/install/ti_rlsk_description' for CMake config files
[4.329s] Level 1:colcon.colcon_core.shell:create_environment_hook('ti_rlsk_description', 'cmake_prefix_path')
[4.330s] INFO:colcon.colcon_core.shell:Creating environment hook '/thesis_project/simulation_ws/install/ti_rlsk_description/share/ti_rlsk_description/hook/cmake_prefix_path.ps1'
[4.352s] INFO:colcon.colcon_core.shell:Creating environment descriptor '/thesis_project/simulation_ws/install/ti_rlsk_description/share/ti_rlsk_description/hook/cmake_prefix_path.dsv'
[4.374s] INFO:colcon.colcon_core.shell:Creating environment hook '/thesis_project/simulation_ws/install/ti_rlsk_description/share/ti_rlsk_description/hook/cmake_prefix_path.sh'
[4.401s] Level 1:colcon.colcon_core.environment:checking '/thesis_project/simulation_ws/install/ti_rlsk_description/bin'
[4.404s] Level 1:colcon.colcon_core.environment:checking '/thesis_project/simulation_ws/install/ti_rlsk_description/lib/pkgconfig/ti_rlsk_description.pc'
[4.407s] Level 1:colcon.colcon_core.environment:checking '/thesis_project/simulation_ws/install/ti_rlsk_description/lib/python3.10/site-packages'
[4.410s] Level 1:colcon.colcon_core.environment:checking '/thesis_project/simulation_ws/install/ti_rlsk_description/bin'
[4.413s] INFO:colcon.colcon_core.shell:Creating package script '/thesis_project/simulation_ws/install/ti_rlsk_description/share/ti_rlsk_description/package.ps1'
[4.436s] INFO:colcon.colcon_core.shell:Creating package descriptor '/thesis_project/simulation_ws/install/ti_rlsk_description/share/ti_rlsk_description/package.dsv'
[4.456s] INFO:colcon.colcon_core.shell:Creating package script '/thesis_project/simulation_ws/install/ti_rlsk_description/share/ti_rlsk_description/package.sh'
[4.476s] INFO:colcon.colcon_core.shell:Creating package script '/thesis_project/simulation_ws/install/ti_rlsk_description/share/ti_rlsk_description/package.bash'
[4.493s] INFO:colcon.colcon_core.shell:Creating package script '/thesis_project/simulation_ws/install/ti_rlsk_description/share/ti_rlsk_description/package.zsh'
[4.512s] Level 1:colcon.colcon_core.environment:create_file_with_runtime_dependencies(/thesis_project/simulation_ws/install/ti_rlsk_description/share/colcon-core/packages/ti_rlsk_description)
[4.527s] DEBUG:colcon.colcon_parallel_executor.executor.parallel:closing loop
[4.528s] DEBUG:colcon.colcon_parallel_executor.executor.parallel:loop closed
[4.528s] DEBUG:colcon.colcon_parallel_executor.executor.parallel:run_until_complete finished with '0'
[4.529s] DEBUG:colcon.colcon_core.event_reactor:joining thread
[4.559s] INFO:colcon.colcon_core.plugin_system:Skipping extension 'colcon_notification.desktop_notification.notify_send': Could not find 'notify-send'
[4.560s] INFO:colcon.colcon_core.plugin_system:Skipping extension 'colcon_notification.desktop_notification.terminal_notifier': Not used on non-Darwin systems
[4.560s] INFO:colcon.colcon_core.plugin_system:Skipping extension 'colcon_notification.desktop_notification.win32': Not used on non-Windows systems
[4.561s] INFO:colcon.colcon_notification.desktop_notification:Sending desktop notification using 'notify2'
[4.570s] DEBUG:colcon.colcon_notification.desktop_notification.notify2:Failed to initialize notify2: org.freedesktop.DBus.Error.ServiceUnknown: The name org.freedesktop.Notifications was not provided by any .service files
[4.571s] DEBUG:colcon.colcon_core.event_reactor:joined thread
[4.573s] INFO:colcon.colcon_core.shell:Creating prefix script '/thesis_project/simulation_ws/install/local_setup.ps1'
[4.585s] INFO:colcon.colcon_core.shell:Creating prefix util module '/thesis_project/simulation_ws/install/_local_setup_util_ps1.py'
[4.616s] INFO:colcon.colcon_core.shell:Creating prefix chain script '/thesis_project/simulation_ws/install/setup.ps1'
[4.658s] INFO:colcon.colcon_core.shell:Creating prefix script '/thesis_project/simulation_ws/install/local_setup.sh'
[4.667s] INFO:colcon.colcon_core.shell:Creating prefix util module '/thesis_project/simulation_ws/install/_local_setup_util_sh.py'
[4.676s] INFO:colcon.colcon_core.shell:Creating prefix chain script '/thesis_project/simulation_ws/install/setup.sh'
[4.718s] INFO:colcon.colcon_core.shell:Creating prefix script '/thesis_project/simulation_ws/install/local_setup.bash'
[4.727s] INFO:colcon.colcon_core.shell:Creating prefix chain script '/thesis_project/simulation_ws/install/setup.bash'
[4.771s] INFO:colcon.colcon_core.shell:Creating prefix script '/thesis_project/simulation_ws/install/local_setup.zsh'
[4.781s] INFO:colcon.colcon_core.shell:Creating prefix chain script '/thesis_project/simulation_ws/install/setup.zsh'
