[0.199s] Invoking command in '/thesis_project/simulation_ws/build/ti_rlsk_description': CMAKE_PREFIX_PATH=${CMAKE_PREFIX_PATH}:/opt/ros/iron /usr/bin/cmake /thesis_project/simulation_ws/src/ti_rlsk_description -DAMENT_CMAKE_SYMLINK_INSTALL=1 -DCMAKE_INSTALL_PREFIX=/thesis_project/simulation_ws/install/ti_rlsk_description
[0.644s] -- The C compiler identification is GNU 11.4.0
[1.026s] -- The CXX compiler identification is GNU 11.4.0
[1.134s] -- Detecting C compiler ABI info
[1.982s] -- Detecting C compiler ABI info - done
[2.020s] -- Check for working C compiler: /usr/bin/cc - skipped
[2.021s] -- Detecting C compile features
[2.034s] -- Detecting C compile features - done
[2.105s] -- Detecting CXX compiler ABI info
[2.871s] -- Detecting CXX compiler ABI info - done
[2.911s] -- Check for working CXX compiler: /usr/bin/c++ - skipped
[2.912s] -- Detecting CXX compile features
[2.924s] -- Detecting CXX compile features - done
[3.075s] -- Found ament_cmake: 2.0.4 (/opt/ros/iron/share/ament_cmake/cmake)
[3.662s] -- Found Python3: /usr/bin/python3.10 (found version "3.10.12") found components: Interpreter 
[3.869s] -- Override CMake install command with custom implementation using symlinks instead of copying resources
[4.779s] -- Found ament_lint_auto: 0.14.3 (/opt/ros/iron/share/ament_lint_auto/cmake)
[6.508s] -- Added test 'flake8' to check Python code syntax and style conventions
[6.510s] -- Configured 'flake8' exclude dirs and/or files: 
[6.720s] -- Added test 'lint_cmake' to check CMake code style
[6.852s] -- Added test 'pep257' to check Python code against some of the docstring style conventions in PEP 257
[7.715s] -- Added test 'xmllint' to check XML markup files
[7.979s] -- Configuring done
[8.512s] -- Generating done
[8.623s] -- Build files have been written to: /thesis_project/simulation_ws/build/ti_rlsk_description
[8.629s] Invoked command in '/thesis_project/simulation_ws/build/ti_rlsk_description' returned '0': CMAKE_PREFIX_PATH=${CMAKE_PREFIX_PATH}:/opt/ros/iron /usr/bin/cmake /thesis_project/simulation_ws/src/ti_rlsk_description -DAMENT_CMAKE_SYMLINK_INSTALL=1 -DCMAKE_INSTALL_PREFIX=/thesis_project/simulation_ws/install/ti_rlsk_description
[8.648s] Invoking command in '/thesis_project/simulation_ws/build/ti_rlsk_description': CMAKE_PREFIX_PATH=${CMAKE_PREFIX_PATH}:/opt/ros/iron /usr/bin/cmake --build /thesis_project/simulation_ws/build/ti_rlsk_description -- -j12 -l12
[8.868s] Invoked command in '/thesis_project/simulation_ws/build/ti_rlsk_description' returned '0': CMAKE_PREFIX_PATH=${CMAKE_PREFIX_PATH}:/opt/ros/iron /usr/bin/cmake --build /thesis_project/simulation_ws/build/ti_rlsk_description -- -j12 -l12
[8.953s] Invoking command in '/thesis_project/simulation_ws/build/ti_rlsk_description': CMAKE_PREFIX_PATH=${CMAKE_PREFIX_PATH}:/opt/ros/iron /usr/bin/cmake --install /thesis_project/simulation_ws/build/ti_rlsk_description
[8.970s] -- Install configuration: ""
[8.991s] -- Execute custom install script
[9.087s] -- Symlinking: /thesis_project/simulation_ws/install/ti_rlsk_description/share/ti_rlsk_description/launch/rsp.launch.py
[9.178s] -- Symlinking: /thesis_project/simulation_ws/install/ti_rlsk_description/share/ti_rlsk_description/launch/rsp_sim.launch.py
[9.304s] -- Symlinking: /thesis_project/simulation_ws/install/ti_rlsk_description/share/ament_index/resource_index/package_run_dependencies/ti_rlsk_description
[9.418s] -- Symlinking: /thesis_project/simulation_ws/install/ti_rlsk_description/share/ament_index/resource_index/parent_prefix_path/ti_rlsk_description
[9.527s] -- Symlinking: /thesis_project/simulation_ws/install/ti_rlsk_description/share/ti_rlsk_description/environment/ament_prefix_path.sh
[9.595s] -- Symlinking: /thesis_project/simulation_ws/install/ti_rlsk_description/share/ti_rlsk_description/environment/ament_prefix_path.dsv
[9.678s] -- Symlinking: /thesis_project/simulation_ws/install/ti_rlsk_description/share/ti_rlsk_description/environment/path.sh
[9.744s] -- Symlinking: /thesis_project/simulation_ws/install/ti_rlsk_description/share/ti_rlsk_description/environment/path.dsv
[9.821s] -- Symlinking: /thesis_project/simulation_ws/install/ti_rlsk_description/share/ti_rlsk_description/local_setup.bash
[9.878s] -- Symlinking: /thesis_project/simulation_ws/install/ti_rlsk_description/share/ti_rlsk_description/local_setup.sh
[9.939s] -- Symlinking: /thesis_project/simulation_ws/install/ti_rlsk_description/share/ti_rlsk_description/local_setup.zsh
[9.998s] -- Symlinking: /thesis_project/simulation_ws/install/ti_rlsk_description/share/ti_rlsk_description/local_setup.dsv
[10.078s] -- Symlinking: /thesis_project/simulation_ws/install/ti_rlsk_description/share/ti_rlsk_description/package.dsv
[10.190s] -- Symlinking: /thesis_project/simulation_ws/install/ti_rlsk_description/share/ament_index/resource_index/packages/ti_rlsk_description
[10.282s] -- Symlinking: /thesis_project/simulation_ws/install/ti_rlsk_description/share/ti_rlsk_description/cmake/ti_rlsk_descriptionConfig.cmake
[10.344s] -- Symlinking: /thesis_project/simulation_ws/install/ti_rlsk_description/share/ti_rlsk_description/cmake/ti_rlsk_descriptionConfig-version.cmake
[10.406s] -- Symlinking: /thesis_project/simulation_ws/install/ti_rlsk_description/share/ti_rlsk_description/package.xml
[10.472s] Invoked command in '/thesis_project/simulation_ws/build/ti_rlsk_description' returned '0': CMAKE_PREFIX_PATH=${CMAKE_PREFIX_PATH}:/opt/ros/iron /usr/bin/cmake --install /thesis_project/simulation_ws/build/ti_rlsk_description
