[0.168s] Invoking command in '/thesis_project/simulation_ws/build/m2wr_description': /usr/bin/cmake /thesis_project/simulation_ws/src/m2wr_description -DCMAKE_INSTALL_PREFIX=/thesis_project/simulation_ws/install/m2wr_description
[0.346s] -- Found ament_cmake: 2.0.4 (/opt/ros/iron/share/ament_cmake/cmake)
[0.953s] -- Override CMake install command with custom implementation using symlinks instead of copying resources
[1.243s] -- Found ament_lint_auto: 0.14.3 (/opt/ros/iron/share/ament_lint_auto/cmake)
[1.547s] Error parsing '/thesis_project/simulation_ws/src/m2wr_description/package.xml':
[1.553s] Traceback (most recent call last):
[1.562s]   File "/opt/ros/iron/share/ament_cmake_core/cmake/core/package_xml_2_cmake.py", line 150, in <module>
[1.563s]     main()
[1.564s]   File "/opt/ros/iron/share/ament_cmake_core/cmake/core/package_xml_2_cmake.py", line 53, in main
[1.567s]     raise e
[1.568s]   File "/opt/ros/iron/share/ament_cmake_core/cmake/core/package_xml_2_cmake.py", line 49, in main
[1.569s]     package = parse_package_string(
[1.570s]   File "/usr/lib/python3/dist-packages/catkin_pkg/package.py", line 788, in parse_package_string
[1.573s]     pkg.validate(warnings=warnings)
[1.575s]   File "/usr/lib/python3/dist-packages/catkin_pkg/package.py", line 330, in validate
[1.576s]     raise InvalidPackage('\n'.join(errors), self.filename)
[1.581s] catkin_pkg.package.InvalidPackage: Error(s) in package '/thesis_project/simulation_ws/src/m2wr_description/package.xml':
[1.589s] The package "m2wr_description" must not "exec_depend" on a package with the same name as this package
[1.609s] [31mCMake Error at /opt/ros/iron/share/ament_cmake_core/cmake/core/ament_package_xml.cmake:95 (message):
[1.611s]   execute_process(/usr/bin/python3.10
[1.612s]   /opt/ros/iron/share/ament_cmake_core/cmake/core/package_xml_2_cmake.py
[1.617s]   /thesis_project/simulation_ws/src/m2wr_description/package.xml
[1.619s]   /thesis_project/simulation_ws/build/m2wr_description/ament_cmake_core/package.cmake)
[1.630s]   returned error code 1
[1.634s] Call Stack (most recent call first):
[1.635s]   /opt/ros/iron/share/ament_cmake_core/cmake/core/ament_package_xml.cmake:49 (_ament_package_xml)
[1.637s]   /opt/ros/iron/share/ament_lint_auto/cmake/ament_lint_auto_find_test_dependencies.cmake:31 (ament_package_xml)
[1.638s]   CMakeLists.txt:23 (ament_lint_auto_find_test_dependencies)
[1.640s] 
[1.641s] [0m
[1.642s] -- Configuring incomplete, errors occurred!
[1.644s] See also "/thesis_project/simulation_ws/build/m2wr_description/CMakeFiles/CMakeOutput.log".
[1.655s] Invoked command in '/thesis_project/simulation_ws/build/m2wr_description' returned '1': /usr/bin/cmake /thesis_project/simulation_ws/src/m2wr_description -DCMAKE_INSTALL_PREFIX=/thesis_project/simulation_ws/install/m2wr_description
